Using pre-set license
Built from '2020.3/release' branch; Version is '2020.3.1f1 (77a89f25062f) revision 7841951'; Using compiler version '192528614'; Build Type 'Release'
OS: 'Windows 10 Enterprise; OS build 19042.1052; Version 2009; 64bit' Language: 'en' Physical Memory: 16295 MB
BatchMode: 1, IsHumanControllingUs: 0, StartBugReporterOnCrash: 0, Is64bit: 1, IsPro: 0

 COMMAND LINE ARGUMENTS:
D:\Unity\2020.3.1f1\Editor\Unity.exe
-adb2
-batchMode
-noUpm
-name
AssetImportWorker0
-projectPath
D:/Unity/Projects/eXperiment
-logFile
Logs/AssetImportWorker0.log
-srvPort
58431
Successfully changed project path to: D:/Unity/Projects/eXperiment
D:/Unity/Projects/eXperiment
Using Asset Import Pipeline V2.
Refreshing native plugins compatible for Editor in 19.44 ms, found 0 plugins.
Preloading 0 native plugins for Editor in 0.00 ms.
Initialize engine version: 2020.3.1f1 (77a89f25062f)
[Subsystems] Discovering subsystems at path D:/Unity/2020.3.1f1/Editor/Data/Resources/UnitySubsystems
[Subsystems] Discovering subsystems at path D:/Unity/Projects/eXperiment/Assets
GfxDevice: creating device client; threaded=0
Direct3D:
    Version:  Direct3D 11.0 [level 11.1]
    Renderer: NVIDIA GeForce RTX 2060 (ID=0x1f08)
    Vendor:   
    VRAM:     5980 MB
    Driver:   27.21.14.6677
Initialize mono
Mono path[0] = 'D:/Unity/2020.3.1f1/Editor/Data/Managed'
Mono path[1] = 'D:/Unity/2020.3.1f1/Editor/Data/MonoBleedingEdge/lib/mono/unityjit'
Mono config path = 'D:/Unity/2020.3.1f1/Editor/Data/MonoBleedingEdge/etc'
Using monoOptions --debugger-agent=transport=dt_socket,embedding=1,server=y,suspend=n,address=127.0.0.1:56932
Begin MonoManager ReloadAssembly
Registering precompiled unity dll's ...
Register platform support module: D:/Unity/2020.3.1f1/Editor/Data/PlaybackEngines/WindowsStandaloneSupport/UnityEditor.WindowsStandalone.Extensions.dll
Registered in 0.001010 seconds.
Native extension for WindowsStandalone target not found
Refreshing native plugins compatible for Editor in 21.96 ms, found 0 plugins.
Preloading 0 native plugins for Editor in 0.00 ms.
Invoked RoslynAnalysisRunner static constructor.
RoslynAnalysisRunner will not be running.
RoslynAnalysisRunner has terminated.
Mono: successfully reloaded assembly
- Completed reload, in  1.898 seconds
Platform modules already initialized, skipping
Registering precompiled user dll's ...
Registered in 0.000544 seconds.
Begin MonoManager ReloadAssembly
Native extension for WindowsStandalone target not found
Refreshing native plugins compatible for Editor in 0.15 ms, found 0 plugins.
Preloading 0 native plugins for Editor in 0.00 ms.
Invoked RoslynAnalysisRunner static constructor.
RoslynAnalysisRunner will not be running.
RoslynAnalysisRunner has terminated.
Mono: successfully reloaded assembly
- Completed reload, in  0.677 seconds
Platform modules already initialized, skipping
========================================================================
Worker process is ready to serve import requests
Launched and connected shader compiler UnityShaderCompiler.exe after 0.05 seconds
Refreshing native plugins compatible for Editor in 0.16 ms, found 0 plugins.
Preloading 0 native plugins for Editor in 0.00 ms.
Unloading 1131 Unused Serialized files (Serialized files now loaded: 0)
System memory in use before: 70.5 MB.
System memory in use after: 70.6 MB.

Unloading 10 unused Assets to reduce memory usage. Loaded Objects now: 1587.
Total: 1.434700 ms (FindLiveObjects: 0.145700 ms CreateObjectMapping: 0.046500 ms MarkObjects: 1.159600 ms  DeleteObjects: 0.081300 ms)

========================================================================
Received Import Request.
  path: Assets/Scripts/controlsX.cs
  artifactKey: Guid(fc7221837b693e9428cd088864958c0a) Importer(815301076,1909f56bfc062723c751e8b465ee728b)
Start importing Assets/Scripts/controlsX.cs using Guid(fc7221837b693e9428cd088864958c0a) Importer(815301076,1909f56bfc062723c751e8b465ee728b)  -> (artifact id: '6bed7a49cb8694bcdae7c82236a647e3') in 0.053413 seconds
  Import took 0.054908 seconds .

========================================================================
Received Import Request.
  Time since last request: 38.190064 seconds.
  path: Assets/Scripts/gravity.cs
  artifactKey: Guid(3e049f24de0a30e4396364912ab86e05) Importer(815301076,1909f56bfc062723c751e8b465ee728b)
Start importing Assets/Scripts/gravity.cs using Guid(3e049f24de0a30e4396364912ab86e05) Importer(815301076,1909f56bfc062723c751e8b465ee728b)  -> (artifact id: '7f14ffdfb7e99cdc85be9bb38199b500') in 0.007526 seconds
  Import took 0.009215 seconds .

========================================================================
Received Import Request.
  Time since last request: 0.000304 seconds.
  path: Assets/Scripts/gravity.cs
  artifactKey: Guid(3e049f24de0a30e4396364912ab86e05) Importer(815301076,1909f56bfc062723c751e8b465ee728b)
Start importing Assets/Scripts/gravity.cs using Guid(3e049f24de0a30e4396364912ab86e05) Importer(815301076,1909f56bfc062723c751e8b465ee728b)  -> (artifact id: '7f14ffdfb7e99cdc85be9bb38199b500') in 0.002057 seconds
  Import took 0.003721 seconds .

========================================================================
Received Prepare
Refreshing native plugins compatible for Editor in 0.61 ms, found 0 plugins.
Preloading 0 native plugins for Editor in 0.00 ms.
Unloading 3 Unused Serialized files (Serialized files now loaded: 0)
System memory in use before: 47.3 MB.
System memory in use after: 47.4 MB.

Unloading 3 unused Assets to reduce memory usage. Loaded Objects now: 1587.
Total: 1.447400 ms (FindLiveObjects: 0.103600 ms CreateObjectMapping: 0.029400 ms MarkObjects: 1.266200 ms  DeleteObjects: 0.047000 ms)

AssetImportWorkerClient::OnTransportError - code=2 error=End of file
